Base path: 'C:/Program Files/Unity/Hub/Editor/2019.4.18f1/Editor/Data', plugins path 'C:/Program Files/Unity/Hub/Editor/2019.4.18f1/Editor/Data/PlaybackEngines'
Cmd: initializeCompiler
Cmd: compileSnippet
  api=4 type=1 insize=2984 outsize=470 kw= pd=UNITY_ENABLE_REFLECTION_BUFFERS UNITY_USE_DITHER_MASK_FOR_ALPHABLENDED_SHADOWS UNITY_PBS_USE_BRDF1 UNITY_SPECCUBE_BOX_PROJECTION UNITY_SPECCUBE_BLENDING UNITY_ENABLE_DETAIL_NORMALMAP SHADER_API_DESKTOP UNITY_COLORSPACE_GAMMA UNITY_LIGHT_PROBE_PROXY_VOLUME UNITY_LIGHTMAP_FULL_HDR ok=1
Cmd: preprocess
  insize=811 outsize=209 ok=1
Cmd: preprocess
  insize=811 outsize=209 ok=1
Cmd: preprocess
  insize=811 outsize=209 ok=1
Cmd: preprocess
  insize=811 outsize=209 ok=1
Cmd: preprocess
  insize=811 outsize=209 ok=1
Cmd: preprocess
  insize=811 outsize=209 ok=1
Cmd: preprocess
  insize=811 outsize=209 ok=1
Cmd: preprocess
  insize=811 outsize=209 ok=1
Cmd: preprocess
  insize=811 outsize=209 ok=1
Cmd: preprocess
  insize=811 outsize=209 ok=1
Cmd: preprocess
  insize=811 outsize=209 ok=1
Cmd: preprocess
  insize=811 outsize=209 ok=1
Cmd: preprocess
  insize=811 outsize=209 ok=1
Cmd: preprocess
  insize=811 outsize=209 ok=1
Cmd: preprocess
  insize=811 outsize=209 ok=1
Cmd: preprocess
  insize=811 outsize=209 ok=1
Cmd: preprocess
  insize=811 outsize=209 ok=1
Cmd: preprocess
  insize=811 outsize=209 ok=1
Cmd: preprocess
  insize=811 outsize=209 ok=1
Cmd: preprocess
  insize=811 outsize=209 ok=1
Cmd: preprocess
  insize=811 outsize=209 ok=1
Cmd: preprocess
  insize=811 outsize=209 ok=1
Cmd: preprocess
  insize=811 outsize=209 ok=1
Cmd: preprocess
  insize=811 outsize=209 ok=1
Cmd: preprocess
  insize=811 outsize=209 ok=1
Cmd: preprocess
  insize=811 outsize=209 ok=1
Cmd: preprocess
  insize=811 outsize=209 ok=1
Cmd: preprocess
  insize=811 outsize=209 ok=1
Cmd: preprocess
  insize=811 outsize=209 ok=1
Cmd: preprocess
  insize=811 outsize=209 ok=1
Cmd: preprocess
  insize=811 outsize=209 ok=1
Cmd: preprocess
  insize=811 outsize=209 ok=1
Cmd: preprocess
  insize=811 outsize=209 ok=1
Cmd: preprocess
  insize=811 outsize=209 ok=1
Cmd: preprocess
  insize=811 outsize=209 ok=1
Cmd: preprocess
  insize=811 outsize=209 ok=1
Cmd: preprocess
  insize=811 outsize=209 ok=1
Cmd: preprocess
  insize=811 outsize=209 ok=1
Cmd: preprocess
  insize=811 outsize=209 ok=1
Cmd: preprocess
  insize=811 outsize=209 ok=1
Cmd: preprocess
  insize=811 outsize=209 ok=1
Cmd: preprocess
  insize=811 outsize=209 ok=1
Cmd: preprocess
  insize=811 outsize=209 ok=1
Cmd: preprocess
  insize=811 outsize=209 ok=1
Cmd: preprocess
  insize=811 outsize=209 ok=1
Cmd: preprocess
  insize=811 outsize=209 ok=1
Cmd: preprocess
  insize=811 outsize=209 ok=1
Cmd: preprocess
  insize=811 outsize=209 ok=1
Cmd: preprocess
  insize=811 outsize=209 ok=1
Cmd: preprocess
  insize=811 outsize=209 ok=1
Cmd: preprocess
  insize=811 outsize=209 ok=1
Cmd: preprocess
  insize=811 outsize=209 ok=1
Cmd: preprocess
  insize=811 outsize=209 ok=1
Cmd: preprocess
  insize=811 outsize=209 ok=1
Cmd: preprocess
  insize=811 outsize=209 ok=1
Cmd: preprocess
  insize=811 outsize=209 ok=1
Cmd: preprocess
  insize=811 outsize=209 ok=1
Cmd: preprocess
  insize=811 outsize=209 ok=1
Cmd: preprocess
  insize=811 outsize=209 ok=1
Cmd: preprocess
  insize=811 outsize=209 ok=1
Cmd: preprocess
  insize=811 outsize=209 ok=1
Cmd: preprocess
  insize=811 outsize=209 ok=1
Cmd: preprocess
  insize=811 outsize=209 ok=1
Cmd: preprocess
  insize=811 outsize=209 ok=1
Cmd: preprocess
  insize=811 outsize=209 ok=1
Cmd: preprocess
  insize=811 outsize=209 ok=1
Cmd: preprocess
  insize=811 outsize=209 ok=1
Cmd: preprocess
  insize=811 outsize=209 ok=1
Cmd: preprocess
  insize=811 outsize=209 ok=1
Cmd: preprocess
  insize=811 outsize=209 ok=1
Cmd: preprocess
  insize=811 outsize=209 ok=1
Cmd: preprocess
  insize=811 outsize=209 ok=1
Cmd: preprocess
  insize=811 outsize=209 ok=1
Cmd: preprocess
  insize=811 outsize=209 ok=1
Cmd: preprocess
  insize=811 outsize=209 ok=1
Cmd: preprocess
  insize=811 outsize=209 ok=1
Cmd: preprocess
  insize=811 outsize=209 ok=1
Cmd: preprocess
  insize=811 outsize=209 ok=1
Cmd: preprocess
  insize=811 outsize=209 ok=1
Cmd: preprocess
  insize=811 outsize=209 ok=1
Cmd: preprocess
  insize=811 outsize=209 ok=1
Cmd: preprocess
  insize=811 outsize=209 ok=1
Cmd: preprocess
  insize=811 outsize=209 ok=1
Cmd: preprocess
  insize=811 outsize=209 ok=1
Cmd: preprocess
  insize=811 outsize=209 ok=1
Cmd: preprocess
  insize=811 outsize=209 ok=1
Cmd: preprocess
  insize=811 outsize=209 ok=1
Cmd: preprocess
  insize=811 outsize=209 ok=1
Cmd: preprocess
  insize=811 outsize=209 ok=1
Cmd: preprocess
  insize=811 outsize=209 ok=1
Cmd: preprocess
  insize=811 outsize=209 ok=1
Cmd: preprocess
  insize=811 outsize=209 ok=1
Cmd: preprocess
  insize=811 outsize=209 ok=1
Cmd: preprocess
  insize=811 outsize=209 ok=1
Cmd: preprocess
  insize=811 outsize=209 ok=1
Cmd: preprocess
  insize=811 outsize=209 ok=1
Cmd: preprocess
  insize=811 outsize=209 ok=1
Cmd: preprocess
  insize=811 outsize=209 ok=1
Cmd: preprocess
  insize=109928 outsize=1924 ok=1
Cmd: preprocess
  insize=4719 outsize=470 ok=1
Cmd: preprocess
  insize=6294 outsize=466 ok=1
Cmd: preprocess
  insize=5314 outsize=470 ok=1
Cmd: preprocess
  insize=26411 outsize=466 ok=1
Cmd: preprocess
  insize=4168 outsize=461 ok=1
Cmd: preprocess
  insize=4747 outsize=461 ok=1
Cmd: preprocess
  insize=5314 outsize=470 ok=1
Cmd: preprocess
  insize=6294 outsize=466 ok=1
Cmd: preprocess
  insize=4747 outsize=460 ok=1
Cmd: preprocess
  insize=5314 outsize=470 ok=1
Cmd: preprocess
  insize=6294 outsize=466 ok=1
Cmd: preprocess
  insize=4747 outsize=459 ok=1
Cmd: preprocess
  insize=5314 outsize=470 ok=1
Cmd: preprocess
  insize=6294 outsize=466 ok=1
Cmd: preprocess
  insize=4747 outsize=461 ok=1
Cmd: preprocess
  insize=5314 outsize=470 ok=1
Cmd: preprocess
  insize=6294 outsize=466 ok=1
Cmd: preprocess
  insize=4747 outsize=461 ok=1
Cmd: preprocess
  insize=5314 outsize=470 ok=1
Cmd: preprocess
  insize=6294 outsize=465 ok=1
Cmd: preprocess
  insize=4747 outsize=461 ok=1
Cmd: preprocess
  insize=5314 outsize=470 ok=1
Cmd: preprocess
  insize=6294 outsize=466 ok=1
Cmd: preprocess
  insize=4747 outsize=461 ok=1
Cmd: preprocess
  insize=5314 outsize=470 ok=1
Cmd: preprocess
  insize=6294 outsize=466 ok=1
Cmd: preprocess
  insize=4747 outsize=461 ok=1
Cmd: preprocess
  insize=5314 outsize=470 ok=1
Cmd: preprocess
  insize=6294 outsize=465 ok=1
Cmd: preprocess
  insize=4747 outsize=461 ok=1
Cmd: preprocess
  insize=5314 outsize=470 ok=1
Cmd: preprocess
  insize=6294 outsize=466 ok=1
Cmd: preprocess
  insize=4747 outsize=461 ok=1
Cmd: preprocess
  insize=5314 outsize=470 ok=1
Cmd: preprocess
  insize=6294 outsize=466 ok=1
Cmd: preprocess
  insize=4747 outsize=461 ok=1
Cmd: preprocess
  insize=5314 outsize=470 ok=1
Cmd: preprocess
  insize=6294 outsize=466 ok=1
Cmd: preprocess
  insize=4747 outsize=461 ok=1
Cmd: preprocess
  insize=5309 outsize=470 ok=1
Cmd: preprocess
  insize=6283 outsize=465 ok=1
Cmd: preprocess
  insize=4742 outsize=461 ok=1
Cmd: preprocess
  insize=5309 outsize=470 ok=1
Cmd: preprocess
  insize=6289 outsize=466 ok=1
Cmd: preprocess
  insize=4742 outsize=460 ok=1
Cmd: preprocess
  insize=5309 outsize=470 ok=1
Cmd: preprocess
  insize=6289 outsize=466 ok=1
Cmd: preprocess
  insize=4742 outsize=461 ok=1
Cmd: preprocess
  insize=5309 outsize=470 ok=1
Cmd: preprocess
  insize=6289 outsize=466 ok=1
Cmd: preprocess
  insize=4742 outsize=461 ok=1
Cmd: preprocess
  insize=7540 outsize=464 ok=1
Cmd: preprocess
  insize=7540 outsize=464 ok=1
Cmd: preprocess
  insize=7540 outsize=464 ok=1
Cmd: preprocess
  insize=7540 outsize=464 ok=1
Cmd: preprocess
  insize=7540 outsize=464 ok=1
Cmd: preprocess
  insize=7540 outsize=464 ok=1
Cmd: preprocess
  insize=7529 outsize=464 ok=1
Cmd: preprocess
  insize=7534 outsize=464 ok=1
Cmd: preprocess
  insize=9832 outsize=464 ok=1
Cmd: preprocess
  insize=9832 outsize=464 ok=1
Cmd: preprocess
  insize=9832 outsize=464 ok=1
Cmd: preprocess
  insize=9819 outsize=464 ok=1
Cmd: preprocess
  insize=14947 outsize=464 ok=1
Cmd: preprocess
  insize=25203 outsize=464 ok=1
Cmd: preprocess
  insize=14960 outsize=463 ok=1
Cmd: preprocess
  insize=27197 outsize=463 ok=1
Cmd: preprocess
  insize=811 outsize=209 ok=1
Cmd: preprocess
  insize=811 outsize=209 ok=1
Cmd: preprocess
  insize=811 outsize=209 ok=1
Cmd: preprocess
  insize=811 outsize=209 ok=1
Cmd: preprocess
  insize=811 outsize=209 ok=1
Cmd: preprocess
  insize=811 outsize=209 ok=1
Cmd: preprocess
  insize=811 outsize=209 ok=1
Cmd: preprocess
  insize=811 outsize=209 ok=1
Cmd: preprocess
  insize=811 outsize=209 ok=1
Cmd: preprocess
  insize=811 outsize=209 ok=1
Cmd: preprocess
  insize=811 outsize=209 ok=1
Cmd: preprocess
  insize=811 outsize=209 ok=1
Cmd: preprocess
  insize=811 outsize=209 ok=1
Cmd: preprocess
  insize=811 outsize=209 ok=1
Cmd: preprocess
  insize=811 outsize=209 ok=1
Cmd: preprocess
  insize=811 outsize=209 ok=1
Cmd: preprocess
  insize=811 outsize=209 ok=1
Cmd: preprocess
  insize=811 outsize=209 ok=1
Cmd: preprocess
  insize=811 outsize=209 ok=1
Cmd: preprocess
  insize=811 outsize=209 ok=1
Cmd: preprocess
  insize=811 outsize=209 ok=1
Cmd: preprocess
  insize=811 outsize=209 ok=1
Cmd: preprocess
  insize=811 outsize=209 ok=1
Cmd: preprocess
  insize=811 outsize=209 ok=1
Cmd: preprocess
  insize=811 outsize=209 ok=1
Cmd: preprocess
  insize=811 outsize=209 ok=1
Cmd: preprocess
  insize=811 outsize=209 ok=1
Cmd: preprocess
  insize=811 outsize=209 ok=1
Cmd: preprocess
  insize=811 outsize=209 ok=1
Cmd: preprocess
  insize=811 outsize=209 ok=1
Cmd: preprocess
  insize=811 outsize=209 ok=1
Cmd: preprocess
  insize=811 outsize=209 ok=1
Cmd: preprocess
  insize=811 outsize=209 ok=1
Cmd: preprocess
  insize=811 outsize=209 ok=1
Cmd: preprocess
  insize=811 outsize=209 ok=1
Cmd: preprocess
  insize=811 outsize=209 ok=1
Cmd: preprocess
  insize=811 outsize=209 ok=1
Cmd: preprocess
  insize=811 outsize=209 ok=1
Cmd: preprocess
  insize=811 outsize=209 ok=1
Cmd: preprocess
  insize=811 outsize=209 ok=1
Cmd: preprocess
  insize=811 outsize=209 ok=1
Cmd: preprocess
  insize=811 outsize=209 ok=1
Cmd: preprocess
  insize=811 outsize=209 ok=1
Cmd: preprocess
  insize=811 outsize=209 ok=1
Cmd: preprocess
  insize=811 outsize=209 ok=1
Cmd: preprocess
  insize=811 outsize=209 ok=1
Cmd: preprocess
  insize=811 outsize=209 ok=1
Cmd: preprocess
  insize=811 outsize=209 ok=1
Cmd: preprocess
  insize=811 outsize=209 ok=1
Cmd: preprocess
  insize=811 outsize=209 ok=1
Cmd: preprocess
  insize=811 outsize=209 ok=1
Cmd: preprocess
  insize=811 outsize=209 ok=1
Cmd: preprocess
  insize=811 outsize=209 ok=1
Cmd: preprocess
  insize=811 outsize=209 ok=1
Cmd: preprocess
  insize=811 outsize=209 ok=1
Cmd: preprocess
  insize=811 outsize=209 ok=1
Cmd: preprocess
  insize=811 outsize=209 ok=1
Cmd: preprocess
  insize=811 outsize=209 ok=1
Cmd: preprocess
  insize=811 outsize=209 ok=1
Cmd: preprocess
  insize=811 outsize=209 ok=1
Cmd: preprocess
  insize=811 outsize=209 ok=1
Cmd: preprocess
  insize=811 outsize=209 ok=1
Cmd: preprocess
  insize=811 outsize=209 ok=1
Cmd: preprocess
  insize=811 outsize=209 ok=1
Cmd: preprocess
  insize=811 outsize=209 ok=1
Cmd: preprocess
  insize=811 outsize=209 ok=1
Cmd: preprocess
  insize=811 outsize=209 ok=1
Cmd: preprocess
  insize=811 outsize=209 ok=1
Cmd: preprocess
  insize=811 outsize=209 ok=1
Cmd: preprocess
  insize=811 outsize=209 ok=1
Cmd: preprocess
  insize=811 outsize=209 ok=1
Cmd: preprocess
  insize=811 outsize=209 ok=1
Cmd: preprocess
  insize=811 outsize=209 ok=1
Cmd: preprocess
  insize=811 outsize=209 ok=1
Cmd: preprocess
  insize=811 outsize=209 ok=1
Cmd: preprocess
  insize=811 outsize=209 ok=1
Cmd: preprocess
  insize=811 outsize=209 ok=1
Cmd: preprocess
  insize=811 outsize=209 ok=1
Cmd: preprocess
  insize=811 outsize=209 ok=1
Cmd: preprocess
  insize=811 outsize=209 ok=1
Cmd: preprocess
  insize=811 outsize=209 ok=1
Cmd: preprocess
  insize=811 outsize=209 ok=1
Cmd: preprocess
  insize=811 outsize=209 ok=1
Cmd: preprocess
  insize=811 outsize=209 ok=1
Cmd: preprocess
  insize=811 outsize=209 ok=1
Cmd: preprocess
  insize=811 outsize=209 ok=1
Cmd: preprocess
  insize=811 outsize=209 ok=1
Cmd: preprocess
  insize=811 outsize=209 ok=1
Cmd: preprocess
  insize=811 outsize=209 ok=1
Cmd: preprocess
  insize=811 outsize=209 ok=1
Cmd: preprocess
  insize=811 outsize=209 ok=1
Cmd: preprocess
  insize=811 outsize=209 ok=1
Cmd: preprocess
  insize=811 outsize=209 ok=1
Cmd: preprocess
  insize=811 outsize=209 ok=1
Cmd: preprocess
  insize=811 outsize=209 ok=1
Cmd: preprocess
  insize=811 outsize=209 ok=1
Cmd: preprocess
  insize=811 outsize=209 ok=1
Cmd: preprocess
  insize=811 outsize=209 ok=1
Cmd: preprocess
  insize=109928 outsize=1924 ok=1
Cmd: preprocess
  insize=4719 outsize=470 ok=1
Cmd: preprocess
  insize=6294 outsize=466 ok=1
Cmd: preprocess
  insize=5314 outsize=470 ok=1
Cmd: preprocess
  insize=26411 outsize=466 ok=1
Cmd: preprocess
  insize=4168 outsize=461 ok=1
Cmd: preprocess
  insize=4747 outsize=461 ok=1
Cmd: preprocess
  insize=5314 outsize=470 ok=1
Cmd: preprocess
  insize=6294 outsize=466 ok=1
Cmd: preprocess
  insize=4747 outsize=460 ok=1
Cmd: preprocess
  insize=5314 outsize=470 ok=1
Cmd: preprocess
  insize=6294 outsize=466 ok=1
Cmd: preprocess
  insize=4747 outsize=459 ok=1
Cmd: preprocess
  insize=5314 outsize=470 ok=1
Cmd: preprocess
  insize=6294 outsize=466 ok=1
Cmd: preprocess
  insize=4747 outsize=461 ok=1
Cmd: preprocess
  insize=5314 outsize=470 ok=1
Cmd: preprocess
  insize=6294 outsize=466 ok=1
Cmd: preprocess
  insize=4747 outsize=461 ok=1
Cmd: preprocess
  insize=5314 outsize=470 ok=1
Cmd: preprocess
  insize=6294 outsize=465 ok=1
Cmd: preprocess
  insize=4747 outsize=461 ok=1
Cmd: preprocess
  insize=5314 outsize=470 ok=1
Cmd: preprocess
  insize=6294 outsize=466 ok=1
Cmd: preprocess
  insize=4747 outsize=461 ok=1
Cmd: preprocess
  insize=5314 outsize=470 ok=1
Cmd: preprocess
  insize=6294 outsize=466 ok=1
Cmd: preprocess
  insize=4747 outsize=461 ok=1
Cmd: preprocess
  insize=5314 outsize=470 ok=1
Cmd: preprocess
  insize=6294 outsize=465 ok=1
Cmd: preprocess
  insize=4747 outsize=461 ok=1
Cmd: preprocess
  insize=5314 outsize=470 ok=1
Cmd: preprocess
  insize=6294 outsize=466 ok=1
Cmd: preprocess
  insize=4747 outsize=461 ok=1
Cmd: preprocess
  insize=5314 outsize=470 ok=1
Cmd: preprocess
  insize=6294 outsize=466 ok=1
Cmd: preprocess
  insize=4747 outsize=461 ok=1
Cmd: preprocess
  insize=5314 outsize=470 ok=1
Cmd: preprocess
  insize=6294 outsize=466 ok=1
Cmd: preprocess
  insize=4747 outsize=461 ok=1
Cmd: preprocess
  insize=5309 outsize=470 ok=1
Cmd: preprocess
  insize=6283 outsize=465 ok=1
Cmd: preprocess
  insize=4742 outsize=461 ok=1
Cmd: preprocess
  insize=5309 outsize=470 ok=1
Cmd: preprocess
  insize=6289 outsize=466 ok=1
Cmd: preprocess
  insize=4742 outsize=460 ok=1
Cmd: preprocess
  insize=5309 outsize=470 ok=1
Cmd: preprocess
  insize=6289 outsize=466 ok=1
Cmd: preprocess
  insize=4742 outsize=461 ok=1
Cmd: preprocess
  insize=5309 outsize=470 ok=1
Cmd: preprocess
  insize=6289 outsize=466 ok=1
Cmd: preprocess
  insize=4742 outsize=461 ok=1
Cmd: preprocess
  insize=7540 outsize=464 ok=1
Cmd: preprocess
  insize=7540 outsize=464 ok=1
Cmd: preprocess
  insize=7540 outsize=464 ok=1
Cmd: preprocess
  insize=7540 outsize=464 ok=1
Cmd: preprocess
  insize=7540 outsize=464 ok=1
Cmd: preprocess
  insize=7540 outsize=464 ok=1
Cmd: preprocess
  insize=7529 outsize=464 ok=1
Cmd: preprocess
  insize=7534 outsize=464 ok=1
Cmd: preprocess
  insize=9832 outsize=464 ok=1
Cmd: preprocess
  insize=9832 outsize=464 ok=1
Cmd: preprocess
  insize=9832 outsize=464 ok=1
Cmd: preprocess
  insize=9819 outsize=464 ok=1
Cmd: preprocess
  insize=14947 outsize=464 ok=1
Cmd: preprocess
  insize=25203 outsize=464 ok=1
Cmd: preprocess
  insize=14960 outsize=463 ok=1
Cmd: preprocess
  insize=27197 outsize=463 ok=1
Cmd: preprocess
  insize=4742 outsize=461 ok=1
Cmd: preprocess
  insize=4742 outsize=460 ok=1
Cmd: preprocess
  insize=4742 outsize=461 ok=1
Cmd: preprocess
  insize=4742 outsize=461 ok=1
Cmd: preprocess
  insize=5309 outsize=470 ok=1
Cmd: preprocess
  insize=6289 outsize=466 ok=1
Cmd: preprocess
  insize=7534 outsize=464 ok=1
Cmd: preprocess
  insize=9819 outsize=464 ok=1
Cmd: preprocess
  insize=14947 outsize=464 ok=1
Cmd: preprocess
  insize=25203 outsize=464 ok=1
Cmd: preprocess
  insize=26411 outsize=466 ok=1
Cmd: preprocess
  insize=27197 outsize=463 ok=1
Cmd: preprocess
  insize=109928 outsize=1924 ok=1
Cmd: preprocess
  insize=5309 outsize=470 ok=1
Cmd: preprocess
  insize=6289 outsize=466 ok=1
Cmd: preprocess
  insize=5309 outsize=470 ok=1
Cmd: preprocess
  insize=6289 outsize=466 ok=1
Cmd: preprocess
  insize=7529 outsize=464 ok=1
Cmd: preprocess
  insize=5309 outsize=470 ok=1
Cmd: preprocess
  insize=6283 outsize=465 ok=1
Cmd: preprocess
  insize=4747 outsize=461 ok=1
Cmd: preprocess
  insize=4747 outsize=461 ok=1
Cmd: preprocess
  insize=4747 outsize=461 ok=1
Cmd: preprocess
  insize=4747 outsize=461 ok=1
Cmd: preprocess
  insize=5314 outsize=470 ok=1
Cmd: preprocess
  insize=6294 outsize=466 ok=1
Cmd: preprocess
  insize=7540 outsize=464 ok=1
Cmd: preprocess
  insize=9832 outsize=464 ok=1
Cmd: preprocess
  insize=5314 outsize=470 ok=1
Cmd: preprocess
  insize=6294 outsize=466 ok=1
Cmd: preprocess
  insize=5314 outsize=470 ok=1
Cmd: preprocess
  insize=6294 outsize=466 ok=1
Cmd: preprocess
  insize=7540 outsize=464 ok=1
Cmd: preprocess
  insize=5314 outsize=470 ok=1
Cmd: preprocess
  insize=6294 outsize=465 ok=1
Cmd: preprocess
  insize=4747 outsize=461 ok=1
Cmd: preprocess
  insize=4747 outsize=461 ok=1
Cmd: preprocess
  insize=4747 outsize=461 ok=1
Cmd: preprocess
  insize=4747 outsize=461 ok=1
Cmd: preprocess
  insize=5314 outsize=470 ok=1
Cmd: preprocess
  insize=6294 outsize=466 ok=1
Cmd: preprocess
  insize=7540 outsize=464 ok=1
Cmd: preprocess
  insize=9832 outsize=464 ok=1
Cmd: preprocess
  insize=14960 outsize=463 ok=1
Cmd: preprocess
  insize=5314 outsize=470 ok=1
Cmd: preprocess
  insize=6294 outsize=466 ok=1
Cmd: preprocess
  insize=5314 outsize=470 ok=1
Cmd: preprocess
  insize=6294 outsize=465 ok=1
Cmd: preprocess
  insize=7540 outsize=464 ok=1
Cmd: preprocess
  insize=5314 outsize=470 ok=1
Cmd: preprocess
  insize=6294 outsize=466 ok=1
Cmd: preprocess
  insize=4747 outsize=461 ok=1
Cmd: preprocess
  insize=4747 outsize=460 ok=1
Cmd: preprocess
  insize=4747 outsize=459 ok=1
Cmd: preprocess
  insize=4747 outsize=461 ok=1
Cmd: preprocess
  insize=5314 outsize=470 ok=1
Cmd: preprocess
  insize=6294 outsize=466 ok=1
Cmd: preprocess
  insize=7540 outsize=464 ok=1
Cmd: preprocess
  insize=9832 outsize=464 ok=1
Cmd: preprocess
  insize=5314 outsize=470 ok=1
Cmd: preprocess
  insize=6294 outsize=466 ok=1
Cmd: preprocess
  insize=5314 outsize=470 ok=1
Cmd: preprocess
  insize=6294 outsize=466 ok=1
Cmd: preprocess
  insize=7540 outsize=464 ok=1
Cmd: preprocess
  insize=5314 outsize=470 ok=1
Cmd: preprocess
  insize=6294 outsize=466 ok=1
Cmd: preprocess
  insize=4719 outsize=470 ok=1
Cmd: preprocess
  insize=811 outsize=209 ok=1
Cmd: preprocess
  insize=811 outsize=209 ok=1
Cmd: preprocess
  insize=811 outsize=209 ok=1
Cmd: preprocess
  insize=811 outsize=209 ok=1
Cmd: preprocess
  insize=811 outsize=209 ok=1
Cmd: preprocess
  insize=811 outsize=209 ok=1
Cmd: preprocess
  insize=811 outsize=209 ok=1
Cmd: preprocess
  insize=811 outsize=209 ok=1
Cmd: preprocess
  insize=811 outsize=209 ok=1
Cmd: preprocess
  insize=811 outsize=209 ok=1
Cmd: preprocess
  insize=811 outsize=209 ok=1
Cmd: preprocess
  insize=811 outsize=209 ok=1
Cmd: preprocess
  insize=811 outsize=209 ok=1
Cmd: preprocess
  insize=811 outsize=209 ok=1
Cmd: preprocess
  insize=811 outsize=209 ok=1
Cmd: preprocess
  insize=811 outsize=209 ok=1
Cmd: preprocess
  insize=811 outsize=209 ok=1
Cmd: preprocess
  insize=811 outsize=209 ok=1
Cmd: preprocess
  insize=811 outsize=209 ok=1
Cmd: preprocess
  insize=811 outsize=209 ok=1
Cmd: preprocess
  insize=811 outsize=209 ok=1
Cmd: preprocess
  insize=811 outsize=209 ok=1
Cmd: preprocess
  insize=811 outsize=209 ok=1
Cmd: preprocess
  insize=811 outsize=209 ok=1
Cmd: preprocess
  insize=811 outsize=209 ok=1
Cmd: preprocess
  insize=811 outsize=209 ok=1
Cmd: preprocess
  insize=811 outsize=209 ok=1
Cmd: preprocess
  insize=811 outsize=209 ok=1
Cmd: preprocess
  insize=811 outsize=209 ok=1
Cmd: preprocess
  insize=811 outsize=209 ok=1
Cmd: preprocess
  insize=811 outsize=209 ok=1
Cmd: preprocess
  insize=811 outsize=209 ok=1
Cmd: preprocess
  insize=811 outsize=209 ok=1
Cmd: preprocess
  insize=811 outsize=209 ok=1
Cmd: preprocess
  insize=811 outsize=209 ok=1
Cmd: preprocess
  insize=811 outsize=209 ok=1
Cmd: preprocess
  insize=811 outsize=209 ok=1
Cmd: preprocess
  insize=811 outsize=209 ok=1
Cmd: preprocess
  insize=811 outsize=209 ok=1
Cmd: preprocess
  insize=811 outsize=209 ok=1
Cmd: preprocess
  insize=811 outsize=209 ok=1
Cmd: preprocess
  insize=811 outsize=209 ok=1
Cmd: preprocess
  insize=811 outsize=209 ok=1
Cmd: preprocess
  insize=811 outsize=209 ok=1
Cmd: preprocess
  insize=811 outsize=209 ok=1
Cmd: preprocess
  insize=811 outsize=209 ok=1
Cmd: preprocess
  insize=811 outsize=209 ok=1
Cmd: preprocess
  insize=811 outsize=209 ok=1
Cmd: preprocess
  insize=811 outsize=209 ok=1
Cmd: preprocess
  insize=811 outsize=209 ok=1
Cmd: preprocess
  insize=811 outsize=209 ok=1
Cmd: preprocess
  insize=811 outsize=209 ok=1
Cmd: preprocess
  insize=811 outsize=209 ok=1
Cmd: preprocess
  insize=811 outsize=209 ok=1
Cmd: preprocess
  insize=811 outsize=209 ok=1
Cmd: preprocess
  insize=811 outsize=209 ok=1
Cmd: preprocess
  insize=811 outsize=209 ok=1
Cmd: preprocess
  insize=811 outsize=209 ok=1
Cmd: preprocess
  insize=811 outsize=209 ok=1
Cmd: preprocess
  insize=811 outsize=209 ok=1
Cmd: preprocess
  insize=811 outsize=209 ok=1
Cmd: preprocess
  insize=811 outsize=209 ok=1
Cmd: preprocess
  insize=811 outsize=209 ok=1
Cmd: preprocess
  insize=811 outsize=209 ok=1
Cmd: preprocess
  insize=811 outsize=209 ok=1
Cmd: preprocess
  insize=811 outsize=209 ok=1
Cmd: preprocess
  insize=811 outsize=209 ok=1
Cmd: preprocess
  insize=811 outsize=209 ok=1
Cmd: preprocess
  insize=811 outsize=209 ok=1
Cmd: preprocess
  insize=811 outsize=209 ok=1
Cmd: preprocess
  insize=811 outsize=209 ok=1
Cmd: preprocess
  insize=811 outsize=209 ok=1
Cmd: preprocess
  insize=811 outsize=209 ok=1
Cmd: preprocess
  insize=811 outsize=209 ok=1
Cmd: preprocess
  insize=811 outsize=209 ok=1
Cmd: preprocess
  insize=811 outsize=209 ok=1
Cmd: preprocess
  insize=811 outsize=209 ok=1
Cmd: preprocess
  insize=811 outsize=209 ok=1
Cmd: preprocess
  insize=811 outsize=209 ok=1
Cmd: preprocess
  insize=811 outsize=209 ok=1
Cmd: preprocess
  insize=811 outsize=209 ok=1
Cmd: preprocess
  insize=811 outsize=209 ok=1
Cmd: preprocess
  insize=811 outsize=209 ok=1
Cmd: preprocess
  insize=811 outsize=209 ok=1
Cmd: preprocess
  insize=811 outsize=209 ok=1
Cmd: preprocess
  insize=811 outsize=209 ok=1
Cmd: preprocess
  insize=811 outsize=209 ok=1
Cmd: preprocess
  insize=811 outsize=209 ok=1
Cmd: preprocess
  insize=811 outsize=209 ok=1
Cmd: preprocess
  insize=811 outsize=209 ok=1
Cmd: preprocess
  insize=811 outsize=209 ok=1
Cmd: preprocess
  insize=811 outsize=209 ok=1
Cmd: preprocess
  insize=811 outsize=209 ok=1
Cmd: preprocess
  insize=811 outsize=209 ok=1
Cmd: preprocess
  insize=811 outsize=209 ok=1
Cmd: preprocess
  insize=811 outsize=209 ok=1
Cmd: preprocess
  insize=811 outsize=209 ok=1
Cmd: preprocess
  insize=811 outsize=209 ok=1
Cmd: preprocess
  insize=109928 outsize=1924 ok=1
Cmd: preprocess
  insize=4719 outsize=470 ok=1
Cmd: preprocess
  insize=6294 outsize=466 ok=1
Cmd: preprocess
  insize=5314 outsize=470 ok=1
Cmd: preprocess
  insize=26411 outsize=466 ok=1
Cmd: preprocess
  insize=4168 outsize=461 ok=1
Cmd: preprocess
  insize=4747 outsize=461 ok=1
Cmd: preprocess
  insize=5314 outsize=470 ok=1
Cmd: preprocess
  insize=6294 outsize=466 ok=1
Cmd: preprocess
  insize=4747 outsize=460 ok=1
Cmd: preprocess
  insize=5314 outsize=470 ok=1
Cmd: preprocess
  insize=6294 outsize=466 ok=1
Cmd: preprocess
  insize=4747 outsize=459 ok=1
Cmd: preprocess
  insize=5314 outsize=470 ok=1
Cmd: preprocess
  insize=6294 outsize=466 ok=1
Cmd: preprocess
  insize=4747 outsize=461 ok=1
Cmd: preprocess
  insize=5314 outsize=470 ok=1
Cmd: preprocess
  insize=6294 outsize=466 ok=1
Cmd: preprocess
  insize=4747 outsize=461 ok=1
Cmd: preprocess
  insize=5314 outsize=470 ok=1
Cmd: preprocess
  insize=6294 outsize=465 ok=1
Cmd: preprocess
  insize=4747 outsize=461 ok=1
Cmd: preprocess
  insize=5314 outsize=470 ok=1
Cmd: preprocess
  insize=6294 outsize=466 ok=1
Cmd: preprocess
  insize=4747 outsize=461 ok=1
Cmd: preprocess
  insize=5314 outsize=470 ok=1
Cmd: preprocess
  insize=6294 outsize=466 ok=1
Cmd: preprocess
  insize=4747 outsize=461 ok=1
Cmd: preprocess
  insize=5314 outsize=470 ok=1
Cmd: preprocess
  insize=6294 outsize=465 ok=1
Cmd: preprocess
  insize=4747 outsize=461 ok=1
Cmd: preprocess
  insize=5314 outsize=470 ok=1
Cmd: preprocess
  insize=6294 outsize=466 ok=1
Cmd: preprocess
  insize=4747 outsize=461 ok=1
Cmd: preprocess
  insize=5314 outsize=470 ok=1
Cmd: preprocess
  insize=6294 outsize=466 ok=1
Cmd: preprocess
  insize=4747 outsize=461 ok=1
Cmd: preprocess
  insize=5314 outsize=470 ok=1
Cmd: preprocess
  insize=6294 outsize=466 ok=1
Cmd: preprocess
  insize=4747 outsize=461 ok=1
Cmd: preprocess
  insize=5309 outsize=470 ok=1
Cmd: preprocess
  insize=6283 outsize=465 ok=1
Cmd: preprocess
  insize=4742 outsize=461 ok=1
Cmd: preprocess
  insize=5309 outsize=470 ok=1
Cmd: preprocess
  insize=6289 outsize=466 ok=1
Cmd: preprocess
  insize=4742 outsize=460 ok=1
Cmd: preprocess
  insize=5309 outsize=470 ok=1
Cmd: preprocess
  insize=6289 outsize=466 ok=1
Cmd: preprocess
  insize=4742 outsize=461 ok=1
Cmd: preprocess
  insize=5309 outsize=470 ok=1
Cmd: preprocess
  insize=6289 outsize=466 ok=1
Cmd: preprocess
  insize=4742 outsize=461 ok=1
Cmd: preprocess
  insize=7540 outsize=464 ok=1
Cmd: preprocess
  insize=7540 outsize=464 ok=1
Cmd: preprocess
  insize=7540 outsize=464 ok=1
Cmd: preprocess
  insize=7540 outsize=464 ok=1
Cmd: preprocess
  insize=7540 outsize=464 ok=1
Cmd: preprocess
  insize=7540 outsize=464 ok=1
Cmd: preprocess
  insize=7529 outsize=464 ok=1
Cmd: preprocess
  insize=7534 outsize=464 ok=1
Cmd: preprocess
  insize=9832 outsize=464 ok=1
Cmd: preprocess
  insize=9832 outsize=464 ok=1
Cmd: preprocess
  insize=9832 outsize=464 ok=1
Cmd: preprocess
  insize=9819 outsize=464 ok=1
Cmd: preprocess
  insize=14947 outsize=464 ok=1
Cmd: preprocess
  insize=25203 outsize=464 ok=1
Cmd: preprocess
  insize=14960 outsize=463 ok=1
Cmd: preprocess
  insize=27197 outsize=463 ok=1
Cmd: preprocess
  insize=4742 outsize=461 ok=1
Cmd: preprocess
  insize=4742 outsize=460 ok=1
Cmd: preprocess
  insize=4742 outsize=461 ok=1
Cmd: preprocess
  insize=4742 outsize=461 ok=1
Cmd: preprocess
  insize=5309 outsize=470 ok=1
Cmd: preprocess
  insize=6289 outsize=466 ok=1
Cmd: preprocess
  insize=7534 outsize=464 ok=1
Cmd: preprocess
  insize=9819 outsize=464 ok=1
Cmd: preprocess
  insize=14947 outsize=464 ok=1
Cmd: preprocess
  insize=25203 outsize=464 ok=1
Cmd: preprocess
  insize=26411 outsize=466 ok=1
Cmd: preprocess
  insize=27197 outsize=463 ok=1
Cmd: preprocess
  insize=109928 outsize=1924 ok=1
Cmd: preprocess
  insize=5309 outsize=470 ok=1
Cmd: preprocess
  insize=6289 outsize=466 ok=1
Cmd: preprocess
  insize=5309 outsize=470 ok=1
Cmd: preprocess
  insize=6289 outsize=466 ok=1
Cmd: preprocess
  insize=7529 outsize=464 ok=1
Cmd: preprocess
  insize=5309 outsize=470 ok=1
Cmd: preprocess
  insize=6283 outsize=465 ok=1
Cmd: preprocess
  insize=4747 outsize=461 ok=1
Cmd: preprocess
  insize=4747 outsize=461 ok=1
Cmd: preprocess
  insize=4747 outsize=461 ok=1
Cmd: preprocess
  insize=4747 outsize=461 ok=1
Cmd: preprocess
  insize=5314 outsize=470 ok=1
Cmd: preprocess
  insize=6294 outsize=466 ok=1
Cmd: preprocess
  insize=7540 outsize=464 ok=1
Cmd: preprocess
  insize=9832 outsize=464 ok=1
Cmd: preprocess
  insize=5314 outsize=470 ok=1
Cmd: preprocess
  insize=6294 outsize=466 ok=1
Cmd: preprocess
  insize=5314 outsize=470 ok=1
Cmd: preprocess
  insize=6294 outsize=466 ok=1
Cmd: preprocess
  insize=7540 outsize=464 ok=1
Cmd: preprocess
  insize=5314 outsize=470 ok=1
Cmd: preprocess
  insize=6294 outsize=465 ok=1
Cmd: preprocess
  insize=4747 outsize=461 ok=1
Cmd: preprocess
  insize=4747 outsize=461 ok=1
Cmd: preprocess
  insize=4747 outsize=461 ok=1
Cmd: preprocess
  insize=4747 outsize=461 ok=1
Cmd: preprocess
  insize=5314 outsize=470 ok=1
Cmd: preprocess
  insize=6294 outsize=466 ok=1
Cmd: preprocess
  insize=7540 outsize=464 ok=1
Cmd: preprocess
  insize=9832 outsize=464 ok=1
Cmd: preprocess
  insize=14960 outsize=463 ok=1
Cmd: preprocess
  insize=5314 outsize=470 ok=1
Cmd: preprocess
  insize=6294 outsize=466 ok=1
Cmd: preprocess
  insize=5314 outsize=470 ok=1
Cmd: preprocess
  insize=6294 outsize=465 ok=1
Cmd: preprocess
  insize=7540 outsize=464 ok=1
Cmd: preprocess
  insize=5314 outsize=470 ok=1
Cmd: preprocess
  insize=6294 outsize=466 ok=1
Cmd: preprocess
  insize=4747 outsize=461 ok=1
Cmd: preprocess
  insize=4747 outsize=460 ok=1
Cmd: preprocess
  insize=4747 outsize=459 ok=1
Cmd: preprocess
  insize=4747 outsize=461 ok=1
Cmd: preprocess
  insize=5314 outsize=470 ok=1
Cmd: preprocess
  insize=6294 outsize=466 ok=1
Cmd: preprocess
  insize=7540 outsize=464 ok=1
Cmd: preprocess
  insize=9832 outsize=464 ok=1
Cmd: preprocess
  insize=5314 outsize=470 ok=1
Cmd: preprocess
  insize=6294 outsize=466 ok=1
Cmd: preprocess
  insize=5314 outsize=470 ok=1
Cmd: preprocess
  insize=6294 outsize=466 ok=1
Cmd: preprocess
  insize=7540 outsize=464 ok=1
Cmd: preprocess
  insize=5314 outsize=470 ok=1
Cmd: preprocess
  insize=6294 outsize=466 ok=1
Cmd: preprocess
  insize=4719 outsize=470 ok=1
Cmd: preprocess
  insize=107252 outsize=1924 ok=1
Cmd: preprocess
  insize=97523 outsize=1937 ok=1
Cmd: preprocess
  insize=109928 outsize=1924 ok=1
Cmd: preprocess
  insize=100199 outsize=1938 ok=1
Cmd: preprocess
  insize=5454 outsize=463 ok=1
Cmd: preprocess
  insize=37535 outsize=1921 ok=1
Cmd: preprocess
  insize=811 outsize=209 ok=1
Cmd: preprocess
  insize=3399 outsize=463 ok=1
Cmd: preprocess
  insize=811 outsize=209 ok=1
Cmd: preprocess
  insize=3629 outsize=465 ok=1
Cmd: preprocess
  insize=5155 outsize=466 ok=1
Cmd: preprocess
  insize=26411 outsize=466 ok=1
Cmd: preprocess
  insize=27197 outsize=463 ok=1
Cmd: preprocess
  insize=109928 outsize=1924 ok=1
Cmd: preprocess
  insize=100199 outsize=1937 ok=1
Cmd: preprocess
  insize=811 outsize=209 ok=1
Cmd: preprocess
  insize=811 outsize=209 ok=1
Cmd: preprocess
  insize=811 outsize=209 ok=1
Cmd: preprocess
  insize=811 outsize=209 ok=1
Cmd: preprocess
  insize=811 outsize=209 ok=1
Cmd: preprocess
  insize=811 outsize=209 ok=1
Cmd: preprocess
  insize=811 outsize=209 ok=1
Cmd: preprocess
  insize=811 outsize=209 ok=1
Cmd: preprocess
  insize=811 outsize=209 ok=1
Cmd: preprocess
  insize=811 outsize=209 ok=1
Cmd: preprocess
  insize=811 outsize=209 ok=1
Cmd: preprocess
  insize=811 outsize=209 ok=1
Cmd: preprocess
  insize=811 outsize=209 ok=1
Cmd: preprocess
  insize=811 outsize=209 ok=1
Cmd: preprocess
  insize=811 outsize=209 ok=1
Cmd: preprocess
  insize=811 outsize=209 ok=1
Cmd: preprocess
  insize=811 outsize=209 ok=1
Cmd: preprocess
  insize=811 outsize=209 ok=1
Cmd: preprocess
  insize=811 outsize=209 ok=1
Cmd: preprocess
  insize=811 outsize=209 ok=1
Cmd: preprocess
  insize=811 outsize=209 ok=1
Cmd: preprocess
  insize=811 outsize=209 ok=1
Cmd: preprocess
  insize=811 outsize=209 ok=1
Cmd: preprocess
  insize=811 outsize=209 ok=1
Cmd: preprocess
  insize=811 outsize=209 ok=1
Cmd: preprocess
  insize=811 outsize=209 ok=1
Cmd: preprocess
  insize=811 outsize=209 ok=1
Cmd: preprocess
  insize=811 outsize=209 ok=1
Cmd: preprocess
  insize=811 outsize=209 ok=1
Cmd: preprocess
  insize=811 outsize=209 ok=1
Cmd: preprocess
  insize=811 outsize=209 ok=1
Cmd: preprocess
  insize=811 outsize=209 ok=1
Cmd: preprocess
  insize=811 outsize=209 ok=1
Cmd: preprocess
  insize=811 outsize=209 ok=1
Cmd: preprocess
  insize=811 outsize=209 ok=1
Cmd: preprocess
  insize=811 outsize=209 ok=1
Cmd: preprocess
  insize=811 outsize=209 ok=1
Cmd: preprocess
  insize=811 outsize=209 ok=1
Cmd: preprocess
  insize=811 outsize=209 ok=1
Cmd: preprocess
  insize=811 outsize=209 ok=1
Cmd: preprocess
  insize=811 outsize=209 ok=1
Cmd: preprocess
  insize=811 outsize=209 ok=1
Cmd: preprocess
  insize=811 outsize=209 ok=1
Cmd: preprocess
  insize=811 outsize=209 ok=1
Cmd: preprocess
  insize=811 outsize=209 ok=1
Cmd: preprocess
  insize=811 outsize=209 ok=1
Cmd: preprocess
  insize=811 outsize=209 ok=1
Cmd: preprocess
  insize=811 outsize=209 ok=1
Cmd: preprocess
  insize=811 outsize=209 ok=1
Cmd: preprocess
  insize=811 outsize=209 ok=1
Cmd: preprocess
  insize=811 outsize=209 ok=1
Cmd: preprocess
  insize=811 outsize=209 ok=1
Cmd: preprocess
  insize=811 outsize=209 ok=1
Cmd: preprocess
  insize=811 outsize=209 ok=1
Cmd: preprocess
  insize=811 outsize=209 ok=1
Cmd: preprocess
  insize=811 outsize=209 ok=1
Cmd: preprocess
  insize=811 outsize=209 ok=1
Cmd: preprocess
  insize=811 outsize=209 ok=1
Cmd: preprocess
  insize=811 outsize=209 ok=1
Cmd: preprocess
  insize=811 outsize=209 ok=1
Cmd: preprocess
  insize=811 outsize=209 ok=1
Cmd: preprocess
  insize=811 outsize=209 ok=1
Cmd: preprocess
  insize=811 outsize=209 ok=1
Cmd: preprocess
  insize=811 outsize=209 ok=1
Cmd: preprocess
  insize=811 outsize=209 ok=1
Cmd: preprocess
  insize=811 outsize=209 ok=1
Cmd: preprocess
  insize=811 outsize=209 ok=1
Cmd: preprocess
  insize=811 outsize=209 ok=1
Cmd: preprocess
  insize=811 outsize=209 ok=1
Cmd: preprocess
  insize=811 outsize=209 ok=1
Cmd: preprocess
  insize=811 outsize=209 ok=1
Cmd: preprocess
  insize=811 outsize=209 ok=1
Cmd: preprocess
  insize=811 outsize=209 ok=1
Cmd: preprocess
  insize=811 outsize=209 ok=1
Cmd: preprocess
  insize=811 outsize=209 ok=1
Cmd: preprocess
  insize=811 outsize=209 ok=1
Cmd: preprocess
  insize=811 outsize=209 ok=1
Cmd: preprocess
  insize=811 outsize=209 ok=1
Cmd: preprocess
  insize=811 outsize=209 ok=1
Cmd: preprocess
  insize=811 outsize=209 ok=1
Cmd: preprocess
  insize=811 outsize=209 ok=1
Cmd: preprocess
  insize=811 outsize=209 ok=1
Cmd: preprocess
  insize=811 outsize=209 ok=1
Cmd: preprocess
  insize=811 outsize=209 ok=1
Cmd: preprocess
  insize=811 outsize=209 ok=1
Cmd: preprocess
  insize=811 outsize=209 ok=1
Cmd: preprocess
  insize=811 outsize=209 ok=1
Cmd: preprocess
  insize=811 outsize=209 ok=1
Cmd: preprocess
  insize=811 outsize=209 ok=1
Cmd: preprocess
  insize=811 outsize=209 ok=1
Cmd: preprocess
  insize=811 outsize=209 ok=1
Cmd: preprocess
  insize=811 outsize=209 ok=1
Cmd: preprocess
  insize=811 outsize=209 ok=1
Cmd: preprocess
  insize=811 outsize=209 ok=1
Cmd: preprocess
  insize=811 outsize=209 ok=1
Cmd: preprocess
  insize=811 outsize=209 ok=1
Cmd: preprocess
  insize=811 outsize=209 ok=1
Cmd: preprocess
  insize=811 outsize=209 ok=1
Cmd: preprocess
  insize=109928 outsize=1924 ok=1
Cmd: preprocess
  insize=4719 outsize=470 ok=1
Cmd: preprocess
  insize=6294 outsize=466 ok=1
Cmd: preprocess
  insize=5314 outsize=470 ok=1
Cmd: preprocess
  insize=26411 outsize=466 ok=1
Cmd: preprocess
  insize=4168 outsize=461 ok=1
Cmd: preprocess
  insize=4747 outsize=461 ok=1
Cmd: preprocess
  insize=5314 outsize=470 ok=1
Cmd: preprocess
  insize=6294 outsize=466 ok=1
Cmd: preprocess
  insize=4747 outsize=460 ok=1
Cmd: preprocess
  insize=5314 outsize=470 ok=1
Cmd: preprocess
  insize=6294 outsize=466 ok=1
Cmd: preprocess
  insize=4747 outsize=459 ok=1
Cmd: preprocess
  insize=5314 outsize=470 ok=1
Cmd: preprocess
  insize=6294 outsize=466 ok=1
Cmd: preprocess
  insize=4747 outsize=461 ok=1
Cmd: preprocess
  insize=5314 outsize=470 ok=1
Cmd: preprocess
  insize=6294 outsize=466 ok=1
Cmd: preprocess
  insize=4747 outsize=461 ok=1
Cmd: preprocess
  insize=5314 outsize=470 ok=1
Cmd: preprocess
  insize=6294 outsize=465 ok=1
Cmd: preprocess
  insize=4747 outsize=461 ok=1
Cmd: preprocess
  insize=5314 outsize=470 ok=1
Cmd: preprocess
  insize=6294 outsize=466 ok=1
Cmd: preprocess
  insize=4747 outsize=461 ok=1
Cmd: preprocess
  insize=5314 outsize=470 ok=1
Cmd: preprocess
  insize=6294 outsize=466 ok=1
Cmd: preprocess
  insize=4747 outsize=461 ok=1
Cmd: preprocess
  insize=5314 outsize=470 ok=1
Cmd: preprocess
  insize=6294 outsize=465 ok=1
Cmd: preprocess
  insize=4747 outsize=461 ok=1
Cmd: preprocess
  insize=5314 outsize=470 ok=1
Cmd: preprocess
  insize=6294 outsize=466 ok=1
Cmd: preprocess
  insize=4747 outsize=461 ok=1
Cmd: preprocess
  insize=5314 outsize=470 ok=1
Cmd: preprocess
  insize=6294 outsize=466 ok=1
Cmd: preprocess
  insize=4747 outsize=461 ok=1
Cmd: preprocess
  insize=5314 outsize=470 ok=1
Cmd: preprocess
  insize=6294 outsize=466 ok=1
Cmd: preprocess
  insize=4747 outsize=461 ok=1
Cmd: preprocess
  insize=5309 outsize=470 ok=1
Cmd: preprocess
  insize=6283 outsize=465 ok=1
Cmd: preprocess
  insize=4742 outsize=461 ok=1
Cmd: preprocess
  insize=5309 outsize=470 ok=1
Cmd: preprocess
  insize=6289 outsize=466 ok=1
Cmd: preprocess
  insize=4742 outsize=460 ok=1
Cmd: preprocess
  insize=5309 outsize=470 ok=1
Cmd: preprocess
  insize=6289 outsize=466 ok=1
Cmd: preprocess
  insize=4742 outsize=461 ok=1
Cmd: preprocess
  insize=5309 outsize=470 ok=1
Cmd: preprocess
  insize=6289 outsize=466 ok=1
Cmd: preprocess
  insize=4742 outsize=461 ok=1
Cmd: preprocess
  insize=7540 outsize=464 ok=1
Cmd: preprocess
  insize=7540 outsize=464 ok=1
Cmd: preprocess
  insize=7540 outsize=464 ok=1
Cmd: preprocess
  insize=7540 outsize=464 ok=1
Cmd: preprocess
  insize=7540 outsize=464 ok=1
Cmd: preprocess
  insize=7540 outsize=464 ok=1
Cmd: preprocess
  insize=7529 outsize=464 ok=1
Cmd: preprocess
  insize=7534 outsize=464 ok=1
Cmd: preprocess
  insize=9832 outsize=464 ok=1
Cmd: preprocess
  insize=9832 outsize=464 ok=1
Cmd: preprocess
  insize=9832 outsize=464 ok=1
Cmd: preprocess
  insize=9819 outsize=464 ok=1
Cmd: preprocess
  insize=14947 outsize=464 ok=1
Cmd: preprocess
  insize=25203 outsize=464 ok=1
Cmd: preprocess
  insize=14960 outsize=463 ok=1
Cmd: preprocess
  insize=27197 outsize=463 ok=1
Cmd: preprocess
  insize=4742 outsize=461 ok=1
Cmd: preprocess
  insize=4742 outsize=460 ok=1
Cmd: preprocess
  insize=4742 outsize=461 ok=1
Cmd: preprocess
  insize=4742 outsize=461 ok=1
Cmd: preprocess
  insize=5309 outsize=470 ok=1
Cmd: preprocess
  insize=6289 outsize=466 ok=1
Cmd: preprocess
  insize=7534 outsize=464 ok=1
Cmd: preprocess
  insize=9819 outsize=464 ok=1
Cmd: preprocess
  insize=14947 outsize=464 ok=1
Cmd: preprocess
  insize=25203 outsize=464 ok=1
Cmd: preprocess
  insize=26411 outsize=466 ok=1
Cmd: preprocess
  insize=27197 outsize=463 ok=1
Cmd: preprocess
  insize=109928 outsize=1924 ok=1
Cmd: preprocess
  insize=5309 outsize=470 ok=1
Cmd: preprocess
  insize=6289 outsize=466 ok=1
Cmd: preprocess
  insize=5309 outsize=470 ok=1
Cmd: preprocess
  insize=6289 outsize=466 ok=1
Cmd: preprocess
  insize=7529 outsize=464 ok=1
Cmd: preprocess
  insize=5309 outsize=470 ok=1
Cmd: preprocess
  insize=6283 outsize=465 ok=1
Cmd: preprocess
  insize=4747 outsize=461 ok=1
Cmd: preprocess
  insize=4747 outsize=461 ok=1
Cmd: preprocess
  insize=4747 outsize=461 ok=1
Cmd: preprocess
  insize=4747 outsize=461 ok=1
Cmd: preprocess
  insize=5314 outsize=470 ok=1
Cmd: preprocess
  insize=6294 outsize=466 ok=1
Cmd: preprocess
  insize=7540 outsize=464 ok=1
Cmd: preprocess
  insize=9832 outsize=464 ok=1
Cmd: preprocess
  insize=5314 outsize=470 ok=1
Cmd: preprocess
  insize=6294 outsize=466 ok=1
Cmd: preprocess
  insize=5314 outsize=470 ok=1
Cmd: preprocess
  insize=6294 outsize=466 ok=1
Cmd: preprocess
  insize=7540 outsize=464 ok=1
Cmd: preprocess
  insize=5314 outsize=470 ok=1
Cmd: preprocess
  insize=6294 outsize=465 ok=1
Cmd: preprocess
  insize=4747 outsize=461 ok=1
Cmd: preprocess
  insize=4747 outsize=461 ok=1
Cmd: preprocess
  insize=4747 outsize=461 ok=1
Cmd: preprocess
  insize=4747 outsize=461 ok=1
Cmd: preprocess
  insize=5314 outsize=470 ok=1
Cmd: preprocess
  insize=6294 outsize=466 ok=1
Cmd: preprocess
  insize=7540 outsize=464 ok=1
Cmd: preprocess
  insize=9832 outsize=464 ok=1
Cmd: preprocess
  insize=14960 outsize=463 ok=1
Cmd: preprocess
  insize=5314 outsize=470 ok=1
Cmd: preprocess
  insize=6294 outsize=466 ok=1
Cmd: preprocess
  insize=5314 outsize=470 ok=1
Cmd: preprocess
  insize=6294 outsize=465 ok=1
Cmd: preprocess
  insize=7540 outsize=464 ok=1
Cmd: preprocess
  insize=5314 outsize=470 ok=1
Cmd: preprocess
  insize=6294 outsize=466 ok=1
Cmd: preprocess
  insize=4747 outsize=461 ok=1
Cmd: preprocess
  insize=4747 outsize=460 ok=1
Cmd: preprocess
  insize=4747 outsize=459 ok=1
Cmd: preprocess
  insize=4747 outsize=461 ok=1
Cmd: preprocess
  insize=5314 outsize=470 ok=1
Cmd: preprocess
  insize=6294 outsize=466 ok=1
Cmd: preprocess
  insize=7540 outsize=464 ok=1
Cmd: preprocess
  insize=9832 outsize=464 ok=1
Cmd: preprocess
  insize=5314 outsize=470 ok=1
Cmd: preprocess
  insize=6294 outsize=466 ok=1
Cmd: preprocess
  insize=5314 outsize=470 ok=1
Cmd: preprocess
  insize=6294 outsize=466 ok=1
Cmd: preprocess
  insize=7540 outsize=464 ok=1
Cmd: preprocess
  insize=5314 outsize=470 ok=1
Cmd: preprocess
  insize=6294 outsize=466 ok=1
Cmd: preprocess
  insize=4719 outsize=470 ok=1

Quitting shader compiler process
